{"numTotalTestSuites":20,"numPassedTestSuites":17,"numFailedTestSuites":3,"numPendingTestSuites":0,"numTotalTests":41,"numPassedTests":39,"numFailedTests":2,"numPendingTests":0,"numTodoTests":0,"snapshot":{"added":0,"failure":false,"filesAdded":0,"filesRemoved":0,"filesRemovedList":[],"filesUnmatched":0,"filesUpdated":0,"matched":0,"total":0,"unchecked":0,"uncheckedKeysByFile":[],"unmatched":0,"updated":0,"didUpdate":false},"startTime":1774501717437,"success":false,"testResults":[{"assertionResults":[{"ancestorTitles":["safeParseNumber"],"fullName":"safeParseNumber returns the number when given a valid number","status":"passed","title":"returns the number when given a valid number","duration":2.475099999999884,"failureMessages":[],"meta":{},"tags":[]},{"ancestorTitles":["safeParseNumber"],"fullName":"safeParseNumber parses valid numeric strings","status":"passed","title":"parses valid numeric strings","duration":0.40390000000002146,"failureMessages":[],"meta":{},"tags":[]},{"ancestorTitles":["safeParseNumber"],"fullName":"safeParseNumber returns fallback for NaN and Infinity","status":"passed","title":"returns fallback for NaN and Infinity","duration":0.3582000000001244,"failureMessages":[],"meta":{},"tags":[]},{"ancestorTitles":["safeParseNumber"],"fullName":"safeParseNumber returns fallback for non-numeric values","status":"passed","title":"returns fallback for non-numeric values","duration":0.33349999999995816,"failureMessages":[],"meta":{},"tags":[]},{"ancestorTitles":["safeParseNumber"],"fullName":"safeParseNumber uses custom fallback","status":"passed","title":"uses custom fallback","duration":0.19080000000008113,"failureMessages":[],"meta":{},"tags":[]},{"ancestorTitles":["safeAdd"],"fullName":"safeAdd adds two valid numbers","status":"passed","title":"adds two valid numbers","duration":0.2498000000000502,"failureMessages":[],"meta":{},"tags":[]},{"ancestorTitles":["safeAdd"],"fullName":"safeAdd handles invalid inputs","status":"passed","title":"handles invalid inputs","duration":0.2583999999999378,"failureMessages":[],"meta":{},"tags":[]},{"ancestorTitles":["safeSubtract"],"fullName":"safeSubtract subtracts two valid numbers","status":"passed","title":"subtracts two valid numbers","duration":0.2920999999998912,"failureMessages":[],"meta":{},"tags":[]},{"ancestorTitles":["safeMultiply"],"fullName":"safeMultiply multiplies two valid numbers","status":"passed","title":"multiplies two valid numbers","duration":0.6243999999999232,"failureMessages":[],"meta":{},"tags":[]},{"ancestorTitles":["safeMultiply"],"fullName":"safeMultiply returns 0 when one operand is invalid","status":"passed","title":"returns 0 when one operand is invalid","duration":0.2160999999998694,"failureMessages":[],"meta":{},"tags":[]},{"ancestorTitles":["safeDivide"],"fullName":"safeDivide divides two valid numbers","status":"passed","title":"divides two valid numbers","duration":0.2823000000000775,"failureMessages":[],"meta":{},"tags":[]},{"ancestorTitles":["safeDivide"],"fullName":"safeDivide returns fallback on divide by zero","status":"passed","title":"returns fallback on divide by zero","duration":0.13200000000006185,"failureMessages":[],"meta":{},"tags":[]},{"ancestorTitles":["safeDivide"],"fullName":"safeDivide returns fallback for invalid inputs","status":"passed","title":"returns fallback for invalid inputs","duration":0.07859999999982392,"failureMessages":[],"meta":{},"tags":[]},{"ancestorTitles":["safePercentage"],"fullName":"safePercentage calculates percentage correctly","status":"passed","title":"calculates percentage correctly","duration":0.24759999999992033,"failureMessages":[],"meta":{},"tags":[]},{"ancestorTitles":["safePercentage"],"fullName":"safePercentage returns fallback when total is zero","status":"passed","title":"returns fallback when total is zero","duration":0.07989999999995234,"failureMessages":[],"meta":{},"tags":[]},{"ancestorTitles":["safeAverage"],"fullName":"safeAverage calculates average","status":"passed","title":"calculates average","duration":0.2233000000001084,"failureMessages":[],"meta":{},"tags":[]},{"ancestorTitles":["safeAverage"],"fullName":"safeAverage ignores invalid values","status":"failed","title":"ignores invalid values","duration":8.194299999999885,"failureMessages":["AssertionError: expected 13.333333333333334 to be 20 // Object.is equality\n    at C:/Users/murar/AlloySphere/OneDrive/Desktop/PRO/src/__tests__/lib/safe-math.test.ts:132:42\n    at file:///C:/Users/murar/AlloySphere/OneDrive/Desktop/PRO/node_modules/@vitest/runner/dist/chunk-artifact.js:302:11\n    at file:///C:/Users/murar/AlloySphere/OneDrive/Desktop/PRO/node_modules/@vitest/runner/dist/chunk-artifact.js:1893:26\n    at file:///C:/Users/murar/AlloySphere/OneDrive/Desktop/PRO/node_modules/@vitest/runner/dist/chunk-artifact.js:2316:20\n    at new Promise (<anonymous>)\n    at runWithCancel (file:///C:/Users/murar/AlloySphere/OneDrive/Desktop/PRO/node_modules/@vitest/runner/dist/chunk-artifact.js:2313:10)\n    at file:///C:/Users/murar/AlloySphere/OneDrive/Desktop/PRO/node_modules/@vitest/runner/dist/chunk-artifact.js:2295:20\n    at new Promise (<anonymous>)\n    at runWithTimeout (file:///C:/Users/murar/AlloySphere/OneDrive/Desktop/PRO/node_modules/@vitest/runner/dist/chunk-artifact.js:2262:10)\n    at file:///C:/Users/murar/AlloySphere/OneDrive/Desktop/PRO/node_modules/@vitest/runner/dist/chunk-artifact.js:2945:64"],"meta":{},"tags":[]},{"ancestorTitles":["safeAverage"],"fullName":"safeAverage returns fallback for empty arrays","status":"passed","title":"returns fallback for empty arrays","duration":0.20669999999995525,"failureMessages":[],"meta":{},"tags":[]},{"ancestorTitles":["safeAverage"],"fullName":"safeAverage returns fallback for non-arrays","status":"passed","title":"returns fallback for non-arrays","duration":0.09239999999999782,"failureMessages":[],"meta":{},"tags":[]},{"ancestorTitles":["safeSum"],"fullName":"safeSum sums valid numbers","status":"passed","title":"sums valid numbers","duration":0.29549999999994725,"failureMessages":[],"meta":{},"tags":[]},{"ancestorTitles":["safeSum"],"fullName":"safeSum ignores non-finite values","status":"passed","title":"ignores non-finite values","duration":0.09710000000018226,"failureMessages":[],"meta":{},"tags":[]},{"ancestorTitles":["safeSum"],"fullName":"safeSum returns fallback for non-array","status":"passed","title":"returns fallback for non-array","duration":0.0706000000000131,"failureMessages":[],"meta":{},"tags":[]},{"ancestorTitles":["safeCount"],"fullName":"safeCount returns array length","status":"passed","title":"returns array length","duration":0.15380000000004657,"failureMessages":[],"meta":{},"tags":[]},{"ancestorTitles":["safeCount"],"fullName":"safeCount returns 0 for non-array","status":"passed","title":"returns 0 for non-array","duration":0.07369999999991705,"failureMessages":[],"meta":{},"tags":[]},{"ancestorTitles":["safeMin"],"fullName":"safeMin returns minimum value","status":"passed","title":"returns minimum value","duration":0.21879999999987376,"failureMessages":[],"meta":{},"tags":[]},{"ancestorTitles":["safeMin"],"fullName":"safeMin returns fallback for empty array","status":"passed","title":"returns fallback for empty array","duration":0.09890000000018517,"failureMessages":[],"meta":{},"tags":[]},{"ancestorTitles":["safeMax"],"fullName":"safeMax returns maximum value","status":"passed","title":"returns maximum value","duration":0.17239999999992506,"failureMessages":[],"meta":{},"tags":[]},{"ancestorTitles":["safeMax"],"fullName":"safeMax returns fallback for empty array","status":"passed","title":"returns fallback for empty array","duration":0.06799999999998363,"failureMessages":[],"meta":{},"tags":[]},{"ancestorTitles":["formatCurrency"],"fullName":"formatCurrency formats USD by default","status":"passed","title":"formats USD by default","duration":19.937900000000127,"failureMessages":[],"meta":{},"tags":[]},{"ancestorTitles":["formatCurrency"],"fullName":"formatCurrency handles invalid input gracefully","status":"passed","title":"handles invalid input gracefully","duration":0.32199999999988904,"failureMessages":[],"meta":{},"tags":[]},{"ancestorTitles":["formatNumber"],"fullName":"formatNumber formats numbers with commas","status":"failed","title":"formats numbers with commas","duration":2.2325000000000728,"failureMessages":["AssertionError: expected '10,00,000' to be '1,000,000' // Object.is equality\n    at C:/Users/murar/AlloySphere/OneDrive/Desktop/PRO/src/__tests__/lib/safe-math.test.ts:211:35\n    at file:///C:/Users/murar/AlloySphere/OneDrive/Desktop/PRO/node_modules/@vitest/runner/dist/chunk-artifact.js:302:11\n    at file:///C:/Users/murar/AlloySphere/OneDrive/Desktop/PRO/node_modules/@vitest/runner/dist/chunk-artifact.js:1893:26\n    at file:///C:/Users/murar/AlloySphere/OneDrive/Desktop/PRO/node_modules/@vitest/runner/dist/chunk-artifact.js:2316:20\n    at new Promise (<anonymous>)\n    at runWithCancel (file:///C:/Users/murar/AlloySphere/OneDrive/Desktop/PRO/node_modules/@vitest/runner/dist/chunk-artifact.js:2313:10)\n    at file:///C:/Users/murar/AlloySphere/OneDrive/Desktop/PRO/node_modules/@vitest/runner/dist/chunk-artifact.js:2295:20\n    at new Promise (<anonymous>)\n    at runWithTimeout (file:///C:/Users/murar/AlloySphere/OneDrive/Desktop/PRO/node_modules/@vitest/runner/dist/chunk-artifact.js:2262:10)\n    at file:///C:/Users/murar/AlloySphere/OneDrive/Desktop/PRO/node_modules/@vitest/runner/dist/chunk-artifact.js:2945:64"],"meta":{},"tags":[]},{"ancestorTitles":["formatPercentage"],"fullName":"formatPercentage formats with default 1 decimal","status":"passed","title":"formats with default 1 decimal","duration":0.3043999999999869,"failureMessages":[],"meta":{},"tags":[]},{"ancestorTitles":["formatLargeNumber"],"fullName":"formatLargeNumber formats billions","status":"passed","title":"formats billions","duration":0.16499999999996362,"failureMessages":[],"meta":{},"tags":[]},{"ancestorTitles":["formatLargeNumber"],"fullName":"formatLargeNumber formats millions","status":"passed","title":"formats millions","duration":0.08400000000006003,"failureMessages":[],"meta":{},"tags":[]},{"ancestorTitles":["formatLargeNumber"],"fullName":"formatLargeNumber formats thousands","status":"passed","title":"formats thousands","duration":0.06690000000003238,"failureMessages":[],"meta":{},"tags":[]},{"ancestorTitles":["formatLargeNumber"],"fullName":"formatLargeNumber returns raw number under 1000","status":"passed","title":"returns raw number under 1000","duration":0.08729999999991378,"failureMessages":[],"meta":{},"tags":[]},{"ancestorTitles":["clamp"],"fullName":"clamp clamps within range","status":"passed","title":"clamps within range","duration":0.14889999999991232,"failureMessages":[],"meta":{},"tags":[]},{"ancestorTitles":["clamp"],"fullName":"clamp handles invalid input","status":"passed","title":"handles invalid input","duration":0.2117000000000644,"failureMessages":[],"meta":{},"tags":[]},{"ancestorTitles":["clampTrustScore"],"fullName":"clampTrustScore clamps between 0 and 100","status":"passed","title":"clamps between 0 and 100","duration":0.16419999999993706,"failureMessages":[],"meta":{},"tags":[]},{"ancestorTitles":["clampVerificationLevel"],"fullName":"clampVerificationLevel clamps between 0 and 4, rounded","status":"passed","title":"clamps between 0 and 4, rounded","duration":0.1634999999998854,"failureMessages":[],"meta":{},"tags":[]},{"ancestorTitles":["clampEquityPercent"],"fullName":"clampEquityPercent clamps between 0 and 100","status":"passed","title":"clamps between 0 and 100","duration":0.12409999999999854,"failureMessages":[],"meta":{},"tags":[]}],"startTime":1774501719462,"endTime":1774501719503.2117,"status":"failed","message":"","name":"C:/Users/murar/AlloySphere/OneDrive/Desktop/PRO/src/__tests__/lib/safe-math.test.ts"}]}
